
/home/runner/work/exp-conic-sections-dei/exp-conic-sections-dei/experiment/simulation/js/index.js
    3:7   warning  'page1' is assigned a value but never used   no-unused-vars
    4:7   warning  'page2' is assigned a value but never used   no-unused-vars
    7:10  warning  'openlinks' is defined but never used        no-unused-vars
   13:10  warning  'openindex' is defined but never used        no-unused-vars
   22:10  warning  'drop' is defined but never used             no-unused-vars
   31:41  warning  'evt' is defined but never used              no-unused-vars
   44:10  warning  'drop2' is defined but never used            no-unused-vars
   50:9   warning  'arrow1' is assigned a value but never used  no-unused-vars
   58:41  warning  'evt' is defined but never used              no-unused-vars
   73:10  warning  'drop3' is defined but never used            no-unused-vars
   86:41  warning  'evt' is defined but never used              no-unused-vars
  101:10  warning  'gif1' is defined but never used             no-unused-vars
  110:3   warning  'myTimeout' is not defined                   no-undef
  119:10  warning  'gif2' is defined but never used             no-unused-vars
  123:3   warning  'myTimeout' is not defined                   no-undef
  137:10  warning  'gif3' is defined but never used             no-unused-vars
  142:3   warning  'myTimeout' is not defined                   no-undef
  151:10  warning  'gif4' is defined but never used             no-unused-vars
  155:3   warning  'myTimeout' is not defined                   no-undef
  165:10  warning  'gif5' is defined but never used             no-unused-vars
  170:3   warning  'myTimeout' is not defined                   no-undef
  179:10  warning  'gif7' is defined but never used             no-unused-vars
  184:3   warning  'myTimeout' is not defined                   no-undef
  191:10  warning  'gif8' is defined but never used             no-unused-vars
  195:3   warning  'myTimeout' is not defined                   no-undef
  204:10  warning  'gif9' is defined but never used             no-unused-vars
  208:3   warning  'myTimeout' is not defined                   no-undef
  217:10  warning  'gif10' is defined but never used            no-unused-vars
  221:3   warning  'myTimeout' is not defined                   no-undef
  229:10  warning  'gif11' is defined but never used            no-unused-vars
  233:3   warning  'myTimeout' is not defined                   no-undef
  239:10  warning  'gif12' is defined but never used            no-unused-vars
  245:3   warning  'myTimeout' is not defined                   no-undef
  254:10  warning  'gif13' is defined but never used            no-unused-vars
  258:3   warning  'myTimeout' is not defined                   no-undef
  267:10  warning  'gif14' is defined but never used            no-unused-vars
  271:3   warning  'myTimeout' is not defined                   no-undef
  280:10  warning  'gif15' is defined but never used            no-unused-vars
  284:3   warning  'myTimeout' is not defined                   no-undef
  293:10  warning  'gif16' is defined but never used            no-unused-vars
  297:3   warning  'myTimeout' is not defined                   no-undef
  305:10  warning  'gif17' is defined but never used            no-unused-vars
  309:3   warning  'myTimeout' is not defined                   no-undef
  320:10  warning  'gif18' is defined but never used            no-unused-vars
  325:3   warning  'myTimeout' is not defined                   no-undef
  334:10  warning  'gif19' is defined but never used            no-unused-vars
  339:3   warning  'myTimeout' is not defined                   no-undef
  350:10  warning  'q2gif1' is defined but never used           no-unused-vars
  355:3   warning  'myTimeout' is not defined                   no-undef
  362:10  warning  'q2gif2' is defined but never used           no-unused-vars
  367:3   warning  'myTimeout' is not defined                   no-undef
  374:10  warning  'q2gif3' is defined but never used           no-unused-vars
  379:2   warning  'myTimeout' is not defined                   no-undef
  388:10  warning  'q2gif4' is defined but never used           no-unused-vars
  392:2   warning  'myTimeout' is not defined                   no-undef
  399:10  warning  'q2gif5' is defined but never used           no-unused-vars
  404:3   warning  'myTimeout' is not defined                   no-undef
  415:10  warning  'q2gif28' is defined but never used          no-unused-vars
  420:3   warning  'myTimeout' is not defined                   no-undef
  428:10  warning  'q2gif6' is defined but never used           no-unused-vars
  433:3   warning  'myTimeout' is not defined                   no-undef
  441:10  warning  'q2gif7' is defined but never used           no-unused-vars
  446:3   warning  'myTimeout' is not defined                   no-undef
  455:10  warning  'q2gif8' is defined but never used           no-unused-vars
  460:3   warning  'myTimeout' is not defined                   no-undef
  470:10  warning  'q2gif9' is defined but never used           no-unused-vars
  475:3   warning  'myTimeout' is not defined                   no-undef
  483:10  warning  'q2gif10' is defined but never used          no-unused-vars
  488:3   warning  'myTimeout' is not defined                   no-undef
  497:10  warning  'q2gif11' is defined but never used          no-unused-vars
  502:3   warning  'myTimeout' is not defined                   no-undef
  511:10  warning  'q2gif30' is defined but never used          no-unused-vars
  516:3   warning  'myTimeout' is not defined                   no-undef
  526:10  warning  'q2gif19' is defined but never used          no-unused-vars
  531:3   warning  'myTimeout' is not defined                   no-undef
  539:10  warning  'q2gif20' is defined but never used          no-unused-vars
  544:3   warning  'myTimeout' is not defined                   no-undef
  552:10  warning  'q2gif21' is defined but never used          no-unused-vars
  557:3   warning  'myTimeout' is not defined                   no-undef
  564:10  warning  'q2gif22' is defined but never used          no-unused-vars
  569:3   warning  'myTimeout' is not defined                   no-undef
  578:10  warning  'q2gif23' is defined but never used          no-unused-vars
  583:3   warning  'myTimeout' is not defined                   no-undef
  592:14  warning  'q2gif24' is defined but never used          no-unused-vars
  597:7   warning  'myTimeout' is not defined                   no-undef
  605:14  warning  'q2gif25' is defined but never used          no-unused-vars
  610:7   warning  'myTimeout' is not defined                   no-undef
  620:10  warning  'q2gif26' is defined but never used          no-unused-vars
  625:3   warning  'myTimeout' is not defined                   no-undef
  633:10  warning  'q2gif27' is defined but never used          no-unused-vars
  638:3   warning  'myTimeout' is not defined                   no-undef
  645:10  warning  'q2gif41' is defined but never used          no-unused-vars
  650:3   warning  'myTimeout' is not defined                   no-undef
  659:10  warning  'q2gif34' is defined but never used          no-unused-vars
  664:3   warning  'myTimeout' is not defined                   no-undef
  671:10  warning  'q2gif35' is defined but never used          no-unused-vars
  676:3   warning  'myTimeout' is not defined                   no-undef
  683:12  warning  'q2gif36' is defined but never used          no-unused-vars
  688:5   warning  'myTimeout' is not defined                   no-undef
  696:12  warning  'q2gif37' is defined but never used          no-unused-vars
  701:5   warning  'myTimeout' is not defined                   no-undef
  710:12  warning  'q2gif38' is defined but never used          no-unused-vars
  715:5   warning  'myTimeout' is not defined                   no-undef
  724:12  warning  'q2gif39' is defined but never used          no-unused-vars
  729:5   warning  'myTimeout' is not defined                   no-undef
  737:12  warning  'q2gif40' is defined but never used          no-unused-vars
  742:5   warning  'myTimeout' is not defined                   no-undef

/home/runner/work/exp-conic-sections-dei/exp-conic-sections-dei/experiment/simulation/js/starter.js
   7:5   warning  'myTimeout' is not defined             no-undef
  17:3   warning  'myTimeout' is not defined             no-undef
  32:10  warning  'clipmove1' is defined but never used  no-unused-vars
  41:10  warning  'clipmove2' is defined but never used  no-unused-vars
  50:10  warning  'clipmove3' is defined but never used  no-unused-vars
  59:10  warning  'clipmove4' is defined but never used  no-unused-vars

✖ 113 problems (0 errors, 113 warnings)

